[1;32m * [0m[1;37mABOUT        [0m[1;36mXMRig/6.22.3[0m[1;37m gcc/13.3.0[0m[1;37m (built for Linux[0m[1;37m x86-64,[0m[1;37m 64 bit)[0m[0m
[1;32m * [0m[1;37mLIBS         libuv/1.48.0 OpenSSL/3.0.13 [0m[0m
[1;32m * [0m[1;37mHUGE PAGES   [0m[1;32msupported[0m[0m
[1;32m * [0m[1;37m1GB PAGES    [0m[1;33munavailable[0m[0m
[1;32m * [0m[1;37mCPU          Intel(R) Core(TM) i3-2375M CPU @ 1.50GHz (1)[0m [1;32m64-bit[0m [1;31m-AES[0m
[1;37m                [0m[1;30mthreads:[0m[1;36m4[0m[0m
[1;32m * [0m[1;37mMEMORY       [0m[1;36m3.6/5.7[0m[0;36m GB[0m[1;30m (64%)[0m[0m
[1;37m                [0mDIMM_A0: [1;36m4[0m[0;36m GB [0m[1;37mDDR3 @ 1333 MHz [0m[1;30mSH564128FJ8NWRNSQR[0m[0m
[1;37m                [0mDIMM_A1: [1;30m<empty>[0m[0m
[1;37m                [0mDIMM_B0: [1;36m2[0m[0;36m GB [0m[1;37mDDR3 @ 1333 MHz [0m[1;30mSH564568FJ8NZRNSDR[0m[0m
[1;37m                [0mDIMM_B1: [1;30m<empty>[0m[0m
[1;32m * [0m[1;37mMOTHERBOARD  [0m[1;37mASUSTeK COMPUTER INC.[0m - [1;37mX450CA[0m[0m
[1;32m * [0m[1;37mDONATE       [0m[1;37m1%[0m[0m
[1;32m * [0m[1;37mASSEMBLY     auto:[1;31mnone[0m[0m[0m
[1;32m * [0m[1;37mPOOL #1      [0m[1;36mrx.unmineable.com:3333[0m algo [1;37mrx/0[0m[0m
[1;32m * [0m[1;37mCOMMANDS     [0m[45;1mh[0m[1;37mashrate, [0m[45;1mp[0m[1;37mause, [0m[45;1mr[0m[1;37mesume, [0m[1;37mre[0m[45m[1;37ms[0m[1;37mults, [0m[45;1mc[0m[1;37monnection[0m[0m
[1;32m * [0m[1;37mOPENCL       [0m[1;31mdisabled[0m[0m
[1;32m * [0m[1;37mCUDA         [0m[1;31mdisabled[0m[0m
[2025-06-15 13:45:08[1;30m.048[0m] [44;1m[1;37m net     [0m [1;37muse pool [0m[1;36mrx.unmineable.com:3333 [0m[1;32m[0m [1;30m159.203.162.18[0m[0m
[2025-06-15 13:45:08[1;30m.048[0m] [44;1m[1;37m net     [0m [1;35mnew job[0m from [1;37mrx.unmineable.com:3333[0m diff [1;37m100001[0m algo [1;37mrx/0[0m height [1;37m3434565[0m (113 tx)[0m
[2025-06-15 13:45:08[1;30m.048[0m] [46;1m[1;37m cpu     [0m use [1;37margon2[0m implementation [1;32mSSSE3[0m
[2025-06-15 13:45:09[1;30m.249[0m] [44m[1;37m randomx [0m [1;35minit dataset[0m algo [1;37mrx/0 ([0m[1;36m4[0m[1;37m threads)[0m[1;30m seed 27318467c624a537...[0m[0m
[2025-06-15 13:45:09[1;30m.597[0m] [44m[1;37m randomx [0m [1;32mallocated[0m[1;36m 2336 MB[0m[1;30m (2080+256)[0m huge pages [1;32m100% 1168/1168[0m [1;32m+JIT[1;30m (348 ms)[0m[0m
[2025-06-15 13:45:15[1;30m.022[0m] [44;1m[1;37m net     [0m [1;35mnew job[0m from [1;37mrx.unmineable.com:3333[0m diff [1;37m100001[0m algo [1;37mrx/0[0m height [1;37m3434565[0m (114 tx)[0m
[2025-06-15 13:45:32[1;30m.830[0m] [44m[1;37m randomx [0m [1;32mdataset ready[0m[1;30m (23233 ms)[0m[0m
[2025-06-15 13:45:32[1;30m.830[0m] [46;1m[1;37m cpu     [0m use profile [44m[1;37m rx [0m[1;37m ([1;36m2[0m[1;37m threads)[0m scratchpad [1;36m2048 KB[0m[0m
[2025-06-15 13:45:32[1;30m.886[0m] [46;1m[1;37m cpu     [0m[1;32m READY[0m threads [1;36m2/2 (2)[0m huge pages [1;32m100% 2/2[0m memory [1;36m4096 KB[0m[1;30m (56 ms)[0m[0m
[2025-06-15 13:46:07[1;30m.973[0m] [44;1m[1;37m net     [0m [1;35mnew job[0m from [1;37mrx.unmineable.com:3333[0m diff [1;37m100001[0m algo [1;37mrx/0[0m height [1;37m3434565[0m (114 tx)[0m
[2025-06-15 13:46:32[1;30m.865[0m] [45;1m[1;37m miner   [0m [1;37mspeed[0m 10s/60s/15m [1;36m238.5[0m[0;36m n/a n/a [0m[1;36mH/s[0m max [1;36m240.1 H/s[0m[0m
[2025-06-15 13:47:08[1;30m.087[0m] [44;1m[1;37m net     [0m [1;35mnew job[0m from [1;37mrx.unmineable.com:3333[0m diff [1;37m100001[0m algo [1;37mrx/0[0m height [1;37m3434565[0m (114 tx)[0m
[2025-06-15 13:47:32[1;30m.902[0m] [45;1m[1;37m miner   [0m [1;37mspeed[0m 10s/60s/15m [1;36m238.0[0m[0;36m 237.2 n/a [0m[1;36mH/s[0m max [1;36m240.1 H/s[0m[0m
[2025-06-15 13:48:08[1;30m.097[0m] [44;1m[1;37m net     [0m [1;35mnew job[0m from [1;37mrx.unmineable.com:3333[0m diff [1;37m100001[0m algo [1;37mrx/0[0m height [1;37m3434565[0m (114 tx)[0m
[2025-06-15 13:48:32[1;30m.922[0m] [45;1m[1;37m miner   [0m [1;37mspeed[0m 10s/60s/15m [1;36m237.0[0m[0;36m 236.9 n/a [0m[1;36mH/s[0m max [1;36m240.1 H/s[0m[0m
[2025-06-15 13:48:35[1;30m.723[0m] [44;1m[1;37m net     [0m [1;35mnew job[0m from [1;37mrx.unmineable.com:3333[0m diff [1;37m100001[0m algo [1;37mrx/0[0m height [1;37m3434565[0m (116 tx)[0m
[2025-06-15 13:48:42[1;30m.445[0m] [44;1m[1;37m net     [0m [1;35mnew job[0m from [1;37mrx.unmineable.com:3333[0m diff [1;37m100001[0m algo [1;37mrx/0[0m height [1;37m3434566[0m (32 tx)[0m
[2025-06-15 13:48:59[1;30m.336[0m] [44;1m[1;37m net     [0m [1;35mnew job[0m from [1;37mrx.unmineable.com:3333[0m diff [1;37m100001[0m algo [1;37mrx/0[0m height [1;37m3434566[0m (33 tx)[0m
[1;35m - CONNECTION[0m
[1;32m * [0m[1;37mpool address     [0m[1;36mrx.unmineable.com:3333 [0m[1;30m(159.203.162.18) [0m[1;32m[0m[0m
[1;32m * [0m[1;37malgorithm        [0m[1;37mrx/0[0m[0m
[1;32m * [0m[1;37mdifficulty       [0m[1;36m100001[0m[0m
[1;32m * [0m[1;37mconnection time  [0m[1;36m232s[0m[0m
[1;35m - CONNECTION[0m
[1;32m * [0m[1;37mpool address     [0m[1;36mrx.unmineable.com:3333 [0m[1;30m(159.203.162.18) [0m[1;32m[0m[0m
[1;32m * [0m[1;37malgorithm        [0m[1;37mrx/0[0m[0m
[1;32m * [0m[1;37mdifficulty       [0m[1;36m100001[0m[0m
[1;32m * [0m[1;37mconnection time  [0m[1;36m233s[0m[0m
[1;35m - CONNECTION[0m
[1;32m * [0m[1;37mpool address     [0m[1;36mrx.unmineable.com:3333 [0m[1;30m(159.203.162.18) [0m[1;32m[0m[0m
[1;32m * [0m[1;37malgorithm        [0m[1;37mrx/0[0m[0m
[1;32m * [0m[1;37mdifficulty       [0m[1;36m100001[0m[0m
[1;32m * [0m[1;37mconnection time  [0m[1;36m234s[0m[0m
[1;35m - CONNECTION[0m
[1;32m * [0m[1;37mpool address     [0m[1;36mrx.unmineable.com:3333 [0m[1;30m(159.203.162.18) [0m[1;32m[0m[0m
[1;32m * [0m[1;37malgorithm        [0m[1;37mrx/0[0m[0m
[1;32m * [0m[1;37mdifficulty       [0m[1;36m100001[0m[0m
[1;32m * [0m[1;37mconnection time  [0m[1;36m234s[0m[0m
[1;35m - CONNECTION[0m
[1;32m * [0m[1;37mpool address     [0m[1;36mrx.unmineable.com:3333 [0m[1;30m(159.203.162.18) [0m[1;32m[0m[0m
[1;32m * [0m[1;37malgorithm        [0m[1;37mrx/0[0m[0m
[1;32m * [0m[1;37mdifficulty       [0m[1;36m100001[0m[0m
[1;32m * [0m[1;37mconnection time  [0m[1;36m234s[0m[0m
[1;35m - CONNECTION[0m
[1;32m * [0m[1;37mpool address     [0m[1;36mrx.unmineable.com:3333 [0m[1;30m(159.203.162.18) [0m[1;32m[0m[0m
[1;32m * [0m[1;37malgorithm        [0m[1;37mrx/0[0m[0m
[1;32m * [0m[1;37mdifficulty       [0m[1;36m100001[0m[0m
[1;32m * [0m[1;37mconnection time  [0m[1;36m235s[0m[0m
[1;35m - CONNECTION[0m
[1;32m * [0m[1;37mpool address     [0m[1;36mrx.unmineable.com:3333 [0m[1;30m(159.203.162.18) [0m[1;32m[0m[0m
[1;32m * [0m[1;37malgorithm        [0m[1;37mrx/0[0m[0m
[1;32m * [0m[1;37mdifficulty       [0m[1;36m100001[0m[0m
[1;32m * [0m[1;37mconnection time  [0m[1;36m235s[0m[0m
[1;35m - CONNECTION[0m
[1;32m * [0m[1;37mpool address     [0m[1;36mrx.unmineable.com:3333 [0m[1;30m(159.203.162.18) [0m[1;32m[0m[0m
[1;32m * [0m[1;37malgorithm        [0m[1;37mrx/0[0m[0m
[1;32m * [0m[1;37mdifficulty       [0m[1;36m100001[0m[0m
[1;32m * [0m[1;37mconnection time  [0m[1;36m235s[0m[0m
[1;35m - CONNECTION[0m
[1;32m * [0m[1;37mpool address     [0m[1;36mrx.unmineable.com:3333 [0m[1;30m(159.203.162.18) [0m[1;32m[0m[0m
[1;32m * [0m[1;37malgorithm        [0m[1;37mrx/0[0m[0m
[1;32m * [0m[1;37mdifficulty       [0m[1;36m100001[0m[0m
[1;32m * [0m[1;37mconnection time  [0m[1;36m235s[0m[0m
[1;35m - CONNECTION[0m
[1;32m * [0m[1;37mpool address     [0m[1;36mrx.unmineable.com:3333 [0m[1;30m(159.203.162.18) [0m[1;32m[0m[0m
[1;32m * [0m[1;37malgorithm        [0m[1;37mrx/0[0m[0m
[1;32m * [0m[1;37mdifficulty       [0m[1;36m100001[0m[0m
[1;32m * [0m[1;37mconnection time  [0m[1;36m235s[0m[0m
[1;35m - CONNECTION[0m
[1;32m * [0m[1;37mpool address     [0m[1;36mrx.unmineable.com:3333 [0m[1;30m(159.203.162.18) [0m[1;32m[0m[0m
[1;32m * [0m[1;37malgorithm        [0m[1;37mrx/0[0m[0m
[1;32m * [0m[1;37mdifficulty       [0m[1;36m100001[0m[0m
[1;32m * [0m[1;37mconnection time  [0m[1;36m236s[0m[0m
[2025-06-15 13:49:05[1;30m.584[0m] [0;33m[43;1m[1;37m signal  [0m [0;33mCtrl+C received, exiting[0m[0m
[2025-06-15 13:49:05[1;30m.590[0m] [46;1m[1;37m cpu     [0m[0;33m stopped[0m[1;30m (5 ms)[0m[0m
